Testing file: fid.seq
Number of blocks: 64
Number of events:
   RF:       16
   Gx:        0
   Gy:        0
   Gz:        0
   ADC:      16
   Delay:    48
Sequence duration: 16.375520s
TE: 0.020100s
TR: 1.023470s
Flip angle: 90.00°
Unique k-space positions (a.k.a. columns, rows, etc): 1
Block timing check passed successfully
Max. Gradient: 0 Hz/m == 0.00 mT/m
Max. Gradient: 0 Hz/m == 0.00 mT/m
Max. Gradient: 0 Hz/m == 0.00 mT/m
Max. Slew Rate: 0 Hz/m/s == 0.00 T/m/s
Max. Slew Rate: 0 Hz/m/s == 0.00 T/m/s
Max. Slew Rate: 0 Hz/m/s == 0.00 T/m/s
